0 info it worked if it ends with ok
1 verbose cli [ 'C:\\Program Files\\nodejs\\node.exe',
1 verbose cli   'C:\\Program Files\\nodejs\\node_modules\\npm\\bin\\npm-cli.js',
1 verbose cli   'run',
1 verbose cli   'build' ]
2 info using npm@3.10.10
3 info using node@v6.10.1
4 verbose run-script [ 'prebuild', 'build', 'postbuild' ]
5 info lifecycle wz-portfolio_simple@1.0.0~prebuild: wz-portfolio_simple@1.0.0
6 silly lifecycle wz-portfolio_simple@1.0.0~prebuild: no script for prebuild, continuing
7 info lifecycle wz-portfolio_simple@1.0.0~build: wz-portfolio_simple@1.0.0
8 verbose lifecycle wz-portfolio_simple@1.0.0~build: unsafe-perm in lifecycle true
9 verbose lifecycle wz-portfolio_simple@1.0.0~build: PATH: C:\Program Files\nodejs\node_modules\npm\bin\node-gyp-bin;C:\Users\happy\Desktop\git-projects\wz-portfolio_simple\node_modules\.bin;C:\Program Files (x86)\NVIDIA Corporation\PhysX\Common;C:\WINDOWS\system32;C:\WINDOWS;C:\WINDOWS\System32\Wbem;C:\WINDOWS\System32\WindowsPowerShell\v1.0\;C:\Program Files\nodejs\;C:\Program Files (x86)\Yarn\bin;C:\Program Files\Git\cmd;C:\Ruby24\bin;C:\RailsInstaller\Git\cmd;C:\RailsInstaller\Ruby2.1.0\bin;C:\Users\happy\AppData\Local\Microsoft\WindowsApps;C:\Users\happy\AppData\Roaming\npm;C:\Users\happy\AppData\Local\Yarn\bin
10 verbose lifecycle wz-portfolio_simple@1.0.0~build: CWD: C:\Users\happy\Desktop\git-projects\wz-portfolio_simple
11 silly lifecycle wz-portfolio_simple@1.0.0~build: Args: [ '/d /s /c', 'wintersmith build' ]
12 silly lifecycle wz-portfolio_simple@1.0.0~build: Returned: code: 1  signal: null
13 info lifecycle wz-portfolio_simple@1.0.0~build: Failed to exec build script
14 verbose stack Error: wz-portfolio_simple@1.0.0 build: `wintersmith build`
14 verbose stack Exit status 1
14 verbose stack     at EventEmitter.<anonymous> (C:\Program Files\nodejs\node_modules\npm\lib\utils\lifecycle.js:255:16)
14 verbose stack     at emitTwo (events.js:106:13)
14 verbose stack     at EventEmitter.emit (events.js:191:7)
14 verbose stack     at ChildProcess.<anonymous> (C:\Program Files\nodejs\node_modules\npm\lib\utils\spawn.js:40:14)
14 verbose stack     at emitTwo (events.js:106:13)
14 verbose stack     at ChildProcess.emit (events.js:191:7)
14 verbose stack     at maybeClose (internal/child_process.js:886:16)
14 verbose stack     at Process.ChildProcess._handle.onexit (internal/child_process.js:226:5)
15 verbose pkgid wz-portfolio_simple@1.0.0
16 verbose cwd C:\Users\happy\Desktop\git-projects\wz-portfolio_simple\src
17 error Windows_NT 10.0.16251
18 error argv "C:\\Program Files\\nodejs\\node.exe" "C:\\Program Files\\nodejs\\node_modules\\npm\\bin\\npm-cli.js" "run" "build"
19 error node v6.10.1
20 error npm  v3.10.10
21 error code ELIFECYCLE
22 error wz-portfolio_simple@1.0.0 build: `wintersmith build`
22 error Exit status 1
23 error Failed at the wz-portfolio_simple@1.0.0 build script 'wintersmith build'.
23 error Make sure you have the latest version of node.js and npm installed.
23 error If you do, this is most likely a problem with the wz-portfolio_simple package,
23 error not with npm itself.
23 error Tell the author that this fails on your system:
23 error     wintersmith build
23 error You can get information on how to open an issue for this project with:
23 error     npm bugs wz-portfolio_simple
23 error Or if that isn't available, you can get their info via:
23 error     npm owner ls wz-portfolio_simple
23 error There is likely additional logging output above.
24 verbose exit [ 1, true ]
